Arguments: 
  C:\Program Files\nodejs\node.exe C:\Users\alexd\AppData\Roaming\npm\node_modules\yarn\bin\yarn.js add expo-cli --global

PATH: 
  C:\Python39\Scripts\;C:\Python39\;C:\Windows\system32;C:\Windows;C:\Windows\System32\Wbem;C:\Windows\System32\WindowsPowerShell\v1.0\;C:\Windows\System32\OpenSSH\;C:\Program Files\Git\cmd;C:\ProgramData\chocolatey\bin;C:\Program Files\nodejs\;C:\Users\alexd\AppData\Local\Microsoft\WindowsApps;;C:\Users\alexd\AppData\Local\Programs\Microsoft VS Code\bin;C:\Users\alexd\AppData\Roaming\npm

Yarn version: 
  1.22.10

Node version: 
  14.17.3

Platform: 
  win32 x64

Trace: 
  Error: getaddrinfo ENOTFOUND registry.yarnpkg.com
      at GetAddrInfoReqWrap.onlookup [as oncomplete] (dns.js:69:26)

npm manifest: 
  {
    "main": "node_modules/expo/AppEntry.js",
    "scripts": {
      "start": "expo start",
      "android": "expo start --android",
      "ios": "expo start --ios",
      "web": "expo start --web",
      "eject": "expo eject"
    },
    "dependencies": {
      "@expo-google-fonts/inter": "^0.1.0",
      "@expo-google-fonts/rajdhani": "^0.1.0",
      "@react-native-community/masked-view": "0.1.10",
      "@react-navigation/native": "^5.9.4",
      "@react-navigation/stack": "^5.14.5",
      "expo": "^41.0.1",
      "expo-app-loading": "^1.1.2",
      "expo-font": "~9.1.0",
      "expo-linear-gradient": "~9.1.0",
      "expo-status-bar": "~1.0.4",
      "react": "16.13.1",
      "react-dom": "16.13.1",
      "react-native": "https://github.com/expo/react-native/archive/sdk-41.0.0.tar.gz",
      "react-native-gesture-handler": "~1.10.2",
      "react-native-iphone-x-helper": "^1.3.1",
      "react-native-reanimated": "~2.1.0",
      "react-native-safe-area-context": "3.2.0",
      "react-native-screens": "~3.0.0",
      "react-native-svg": "12.1.0",
      "react-native-svg-transformer": "^0.14.3",
      "react-native-web": "~0.13.12"
    },
    "devDependencies": {
      "@babel/core": "^7.9.0",
      "@types/react": "~16.9.35",
      "@types/react-native": "~0.63.2",
      "typescript": "~4.0.0"
    },
    "private": true
  }

yarn manifest: 
  No manifest

Lockfile: 
  No lockfile
